<?xml version="1.0" encoding="UTF-8"?>
<!-- Generated by org.testng.reporters.JUnitReportReporter -->
<testsuite hostname="LTIN256630" failures="0" tests="57" name="TestCases.LoanTenureCalculatorUICheck" time="105.857" errors="0" timestamp="2024-02-13T10:17:53 IST" skipped="0">
  <testcase classname="TestCases.LoanTenureCalculatorUICheck" name="clickOnCarLoanLink" time="19.035"/>
  <testcase classname="TestCases.LoanTenureCalculatorUICheck" name="setCarAmount" time="1.126"/>
  <testcase classname="TestCases.LoanTenureCalculatorUICheck" name="setInterestRate" time="0.807"/>
  <testcase classname="TestCases.LoanTenureCalculatorUICheck" name="setLoanTenure" time="0.877"/>
  <testcase classname="TestCases.LoanTenureCalculatorUICheck" name="clickOnyear" time="0.431"/>
  <testcase classname="TestCases.LoanTenureCalculatorUICheck" name="readData" time="0.206"/>
  <testcase classname="TestCases.LoanTenureCalculatorUICheck" name="calculatorsDropDownValidation" time="0.301"/>
  <testcase classname="TestCases.LoanTenureCalculatorUICheck" name="homeLoanEmiCalculatorValidation" time="9.118"/>
  <testcase classname="TestCases.LoanTenureCalculatorUICheck" name="validateHomeValueInputfield" time="9.062"/>
  <testcase classname="TestCases.LoanTenureCalculatorUICheck" name="validateDownPaymentInputFieldInPercentage" time="3.986"/>
  <testcase classname="TestCases.LoanTenureCalculatorUICheck" name="validateDownPaymentRupeesButton" time="0.490"/>
  <testcase classname="TestCases.LoanTenureCalculatorUICheck" name="validateLoanInsuranceInputField" time="3.812"/>
  <testcase classname="TestCases.LoanTenureCalculatorUICheck" name="validateInterestRateInputField" time="0.352"/>
  <testcase classname="TestCases.LoanTenureCalculatorUICheck" name="validateLoanTenureInputField" time="0.553"/>
  <testcase classname="TestCases.LoanTenureCalculatorUICheck" name="validateLoanTenureMonthsButton" time="0.413"/>
  <testcase classname="TestCases.LoanTenureCalculatorUICheck" name="validateLoanChargesInputField" time="4.479"/>
  <testcase classname="TestCases.LoanTenureCalculatorUICheck" name="validateLoanChargesRupeesButtonElement" time="0.434"/>
  <testcase classname="TestCases.LoanTenureCalculatorUICheck" name="validateLoanStartMonthAndYearField" time="0.337"/>
  <testcase classname="TestCases.LoanTenureCalculatorUICheck" name="validateLoanStartMonthAndYearInputField" time="1.388"/>
  <testcase classname="TestCases.LoanTenureCalculatorUICheck" name="validateOneTimeExpensesInputField" time="0.430"/>
  <testcase classname="TestCases.LoanTenureCalculatorUICheck" name="validateOneTimeExpensesRupeesButton" time="3.429"/>
  <testcase classname="TestCases.LoanTenureCalculatorUICheck" name="validatePropertyTaxesPerYearInputField" time="0.357"/>
  <testcase classname="TestCases.LoanTenureCalculatorUICheck" name="validatePropertyTaxesPerYearRupeesButton" time="3.352"/>
  <testcase classname="TestCases.LoanTenureCalculatorUICheck" name="validateHomeInsurancePerYearInputField" time="0.307"/>
  <testcase classname="TestCases.LoanTenureCalculatorUICheck" name="validateHomeInsurancePerYearRupeesButton" time="3.372"/>
  <testcase classname="TestCases.LoanTenureCalculatorUICheck" name="validateMaintenanceExpensesPerMonthInputField" time="0.297"/>
  <testcase classname="TestCases.LoanTenureCalculatorUICheck" name="printAllTheData" time="15.423"/>
  <testcase classname="TestCases.LoanTenureCalculatorUICheck" name="calculatorsDropDownValidationFromHomeLoan" time="0.383"/>
  <testcase classname="TestCases.LoanTenureCalculatorUICheck" name="emiCalculatorPageValidation" time="2.735"/>
  <testcase classname="TestCases.LoanTenureCalculatorUICheck" name="validateEmiCalculatorLink" time="0.239"/>
  <testcase classname="TestCases.LoanTenureCalculatorUICheck" name="verifyEmiCalculatorLoanAmountInputFieldPresence" time="0.084"/>
  <testcase classname="TestCases.LoanTenureCalculatorUICheck" name="validateEmiCalculatorLoanAmountInputFieldByPassingValue" time="0.834"/>
  <testcase classname="TestCases.LoanTenureCalculatorUICheck" name="verifyEmiCalculatorInterestRateInputFieldPresence" time="0.079"/>
  <testcase classname="TestCases.LoanTenureCalculatorUICheck" name="validateEmiCalculatorInterestRateInputFieldByPassingValue" time="0.860"/>
  <testcase classname="TestCases.LoanTenureCalculatorUICheck" name="verifyEmiCalculatorLoanTenureInputFieldPresence" time="0.169"/>
  <testcase classname="TestCases.LoanTenureCalculatorUICheck" name="validateEmiCalculatorLoanTenureInputFieldByPassingValue" time="1.009"/>
  <testcase classname="TestCases.LoanTenureCalculatorUICheck" name="validateEmiCalculatorLoanTenureMonthButton" time="3.970"/>
  <testcase classname="TestCases.LoanTenureCalculatorUICheck" name="verifyEmiCalculatorLoanChargesInputFieldPresence" time="0.099"/>
  <testcase classname="TestCases.LoanTenureCalculatorUICheck" name="validateEmiCalculatorLoanChargesInputFieldByPassingValue" time="0.829"/>
  <testcase classname="TestCases.LoanTenureCalculatorUICheck" name="validateLoanAmountCalculatorLink" time="0.430"/>
  <testcase classname="TestCases.LoanTenureCalculatorUICheck" name="verifyEmiInputFieldPresence" time="0.099"/>
  <testcase classname="TestCases.LoanTenureCalculatorUICheck" name="verifyEmiInputFieldByPassingValue" time="0.656"/>
  <testcase classname="TestCases.LoanTenureCalculatorUICheck" name="verifyLoanAmountInterestRateInputFieldPresence" time="0.071"/>
  <testcase classname="TestCases.LoanTenureCalculatorUICheck" name="validateLoanAmountInterestRateInputFieldByPassingValue" time="0.759"/>
  <testcase classname="TestCases.LoanTenureCalculatorUICheck" name="verifyLoanAmountTenureInputFieldPresence" time="0.056"/>
  <testcase classname="TestCases.LoanTenureCalculatorUICheck" name="validateLoanAmountTenureInputFieldByPassingValue" time="0.637"/>
  <testcase classname="TestCases.LoanTenureCalculatorUICheck" name="validateLoanAmountLoanTenureMonthButton" time="3.617"/>
  <testcase classname="TestCases.LoanTenureCalculatorUICheck" name="verifyLoanAmountLoanChargesInputFieldPresence" time="0.052"/>
  <testcase classname="TestCases.LoanTenureCalculatorUICheck" name="validateLoanAmountLoanChargesInputFieldByPassingValue" time="0.947"/>
  <testcase classname="TestCases.LoanTenureCalculatorUICheck" name="validateLoanTenureCalculatorLink" time="0.446"/>
  <testcase classname="TestCases.LoanTenureCalculatorUICheck" name="verifyLoanTenureLoanAmountInputFieldPresence" time="0.079"/>
  <testcase classname="TestCases.LoanTenureCalculatorUICheck" name="validateLoanTenureLoanAmountInputFieldByPassingValue" time="0.910"/>
  <testcase classname="TestCases.LoanTenureCalculatorUICheck" name="verifyLoanTenureEmiInputFieldPresence" time="0.092"/>
  <testcase classname="TestCases.LoanTenureCalculatorUICheck" name="verifyLoanTenureInterestRateInputFieldPresence" time="0.070"/>
  <testcase classname="TestCases.LoanTenureCalculatorUICheck" name="validateLoanTenureInterestRateInputFieldByPassingValue" time="0.694"/>
  <testcase classname="TestCases.LoanTenureCalculatorUICheck" name="verifyLoanTenuteLoanChargesInputFieldPresence" time="0.051"/>
  <testcase classname="TestCases.LoanTenureCalculatorUICheck" name="validateLoanTenureLoanChargesInputFieldByValue" time="0.727"/>
</testsuite> <!-- TestCases.LoanTenureCalculatorUICheck -->
